Performing C SOURCE FILE Test CMAKE_HAVE_LIBC_PTHREAD failed with the following output:
Change Dir: /home/vineeth/catkin_ws/build/CMakeFiles/CMakeScratch/TryCompile-oC8Rwn

Run Build Command(s):/usr/bin/make -f Makefile cmTC_4214e/fast && /usr/bin/make  -f CMakeFiles/cmTC_4214e.dir/build.make CMakeFiles/cmTC_4214e.dir/build
make[1]: Entering directory '/home/vineeth/catkin_ws/build/CMakeFiles/CMakeScratch/TryCompile-oC8Rwn'
Building C object CMakeFiles/cmTC_4214e.dir/src.c.o
/usr/bin/cc -DCMAKE_HAVE_LIBC_PTHREAD   -o CMakeFiles/cmTC_4214e.dir/src.c.o -c /home/vineeth/catkin_ws/build/CMakeFiles/CMakeScratch/TryCompile-oC8Rwn/src.c
Linking C executable cmTC_4214e
/usr/bin/cmake -E cmake_link_script CMakeFiles/cmTC_4214e.dir/link.txt --verbose=1
/usr/bin/cc -rdynamic CMakeFiles/cmTC_4214e.dir/src.c.o -o cmTC_4214e 
/usr/bin/ld: CMakeFiles/cmTC_4214e.dir/src.c.o: in function `main':
src.c:(.text+0x46): undefined reference to `pthread_create'
/usr/bin/ld: src.c:(.text+0x52): undefined reference to `pthread_detach'
/usr/bin/ld: src.c:(.text+0x5e): undefined reference to `pthread_cancel'
/usr/bin/ld: src.c:(.text+0x6f): undefined reference to `pthread_join'
collect2: error: ld returned 1 exit status
make[1]: *** [CMakeFiles/cmTC_4214e.dir/build.make:99: cmTC_4214e] Error 1
make[1]: Leaving directory '/home/vineeth/catkin_ws/build/CMakeFiles/CMakeScratch/TryCompile-oC8Rwn'
make: *** [Makefile:127: cmTC_4214e/fast] Error 2


Source file was:
#include <pthread.h>

static void* test_func(void* data)
{
  return data;
}

int main(void)
{
  pthread_t thread;
  pthread_create(&thread, NULL, test_func, NULL);
  pthread_detach(thread);
  pthread_cancel(thread);
  pthread_join(thread, NULL);
  pthread_atfork(NULL, NULL, NULL);
  pthread_exit(NULL);

  return 0;
}


Determining if the function pthread_create exists in the pthreads failed with the following output:
Change Dir: /home/vineeth/catkin_ws/build/CMakeFiles/CMakeScratch/TryCompile-PTdi9m

Run Build Command(s):/usr/bin/make -f Makefile cmTC_a9f2e/fast && /usr/bin/make  -f CMakeFiles/cmTC_a9f2e.dir/build.make CMakeFiles/cmTC_a9f2e.dir/build
make[1]: Entering directory '/home/vineeth/catkin_ws/build/CMakeFiles/CMakeScratch/TryCompile-PTdi9m'
Building C object CMakeFiles/cmTC_a9f2e.dir/CheckFunctionExists.c.o
/usr/bin/cc   -DCHECK_FUNCTION_EXISTS=pthread_create -o CMakeFiles/cmTC_a9f2e.dir/CheckFunctionExists.c.o -c /home/vineeth/catkin_ws/build/CMakeFiles/CMakeScratch/TryCompile-PTdi9m/CheckFunctionExists.c
Linking C executable cmTC_a9f2e
/usr/bin/cmake -E cmake_link_script CMakeFiles/cmTC_a9f2e.dir/link.txt --verbose=1
/usr/bin/cc  -DCHECK_FUNCTION_EXISTS=pthread_create -rdynamic CMakeFiles/cmTC_a9f2e.dir/CheckFunctionExists.c.o -o cmTC_a9f2e  -lpthreads 
/usr/bin/ld: cannot find -lpthreads
collect2: error: ld returned 1 exit status
make[1]: *** [CMakeFiles/cmTC_a9f2e.dir/build.make:99: cmTC_a9f2e] Error 1
make[1]: Leaving directory '/home/vineeth/catkin_ws/build/CMakeFiles/CMakeScratch/TryCompile-PTdi9m'
make: *** [Makefile:127: cmTC_a9f2e/fast] Error 2



